2026-06-01T09:05:24.467Z  INFO 71 --- [main] c.e.u.UrlshortenerApplication            : Starting UrlshortenerApplication v0.0.1-SNAPSHOT using Java 17.0.17 with PID 71 (/home/site/wwwroot/app.jar started by root in /home/site/wwwroot)
2026-06-01T09:05:24.490Z  INFO 71 --- [main] c.e.u.UrlshortenerApplication            : No active profile set, falling back to 1 default profile: "default"
2026-06-01T09:05:40.163Z  INFO 71 --- [main] .s.d.r.c.RepositoryConfigurationDelegate : Bootstrapping Spring Data JPA repositories in DEFAULT mode.
2026-06-01T09:05:42.531Z  INFO 71 --- [main] .s.d.r.c.RepositoryConfigurationDelegate : Finished Spring Data repository scanning in 1915 ms. Found 1 JPA repository interface.
2026-06-01T09:06:10.013Z  INFO 71 --- [main] o.s.boot.tomcat.TomcatWebServer          : Tomcat initialized with port 80 (http)
2026-06-01T09:06:11.494Z  INFO 71 --- [main] b.w.c.s.WebApplicationContextInitializer : Root WebApplicationContext: initialization completed in 46002 ms
2026-06-01T09:06:20.729Z  INFO 71 --- [main] org.hibernate.orm.jpa                    : HHH008540: Processing PersistenceUnitInfo [name: default]
2026-06-01T09:06:23.262Z  INFO 71 --- [main] org.hibernate.orm.core                   : HHH000001: Hibernate ORM core version 7.2.4.Final
2026-06-01T09:06:38.220Z  INFO 71 --- [main] o.s.o.j.p.SpringPersistenceUnitInfo      : No LoadTimeWeaver setup: ignoring JPA class transformer
2026-06-01T09:06:38.604Z  INFO 71 --- [main] com.zaxxer.hikari.HikariDataSource       : HikariPool-1 - Starting...
2026-06-01T09:06:46.304Z  INFO 71 --- [main] com.zaxxer.hikari.pool.HikariPool        : HikariPool-1 - Added connection com.mysql.cj.jdbc.ConnectionImpl@5906ebfb
2026-06-01T09:06:46.745Z  INFO 71 --- [main] com.zaxxer.hikari.HikariDataSource       : HikariPool-1 - Start completed.
2026-06-01T09:06:53.537Z  WARN 71 --- [main] org.hibernate.orm.deprecation            : HHH90000025: MySQLDialect does not need to be specified explicitly using 'hibernate.dialect' (remove the property setting and it will be selected by default)
2026-06-01T09:06:55.581Z  INFO 71 --- [main] org.hibernate.orm.connections.pooling    : HHH10001005: Database info:
	Database JDBC URL [jdbc:mysql://urlshortener-avnish-db.mysql.database.azure.com:3306/urlshortener?useSSL=true&requireSSL=true&serverTimezone=UTC]
	Database driver: MySQL Connector/J
	Database dialect: MySQLDialect
	Database version: 8.4.7
	Default catalog/schema: urlshortener/undefined
	Autocommit mode: undefined/unknown
	Isolation level: REPEATABLE_READ [default REPEATABLE_READ]
	JDBC fetch size: none
	Pool: DataSourceConnectionProvider
	Minimum pool size: undefined/unknown
	Maximum pool size: undefined/unknown
2026-06-01T09:07:10.620Z  INFO 71 --- [main] org.hibernate.orm.core                   : HHH000489: No JTA platform available (set 'hibernate.transaction.jta.platform' to enable JTA platform integration)
2026-06-01T09:07:11.454Z  INFO 71 --- [main] j.LocalContainerEntityManagerFactoryBean : Initialized JPA EntityManagerFactory for persistence unit 'default'
2026-06-01T09:07:16.018Z  INFO 71 --- [main] o.s.d.j.r.query.QueryEnhancerFactories   : Hibernate is in classpath; If applicable, HQL parser will be used.
2026-06-01T09:07:29.235Z  WARN 71 --- [main] JpaBaseConfiguration$JpaWebConfiguration : spring.jpa.open-in-view is enabled by default. Therefore, database queries may be performed during view rendering. Explicitly configure spring.jpa.open-in-view to disable this warning
2026-06-01T09:07:44.948Z  INFO 71 --- [main] o.s.boot.tomcat.TomcatWebServer          : Tomcat started on port 80 (http) with context path '/'
2026-06-01T09:07:45.132Z  INFO 71 --- [main] c.e.u.UrlshortenerApplication            : Started UrlshortenerApplication in 152.976 seconds (process running for 170.602)
2026-06-01T09:07:47.223Z  INFO 71 --- [http-nio-80-exec-1] o.s.web.servlet.DispatcherServlet        : Initializing Servlet 'dispatcherServlet'
2026-06-01T09:07:47.243Z  INFO 71 --- [http-nio-80-exec-1] o.s.web.servlet.DispatcherServlet        : Completed initialization in 2 ms
2026-06-01T09:10:47.891Z  INFO 71 --- [SpringApplicationShutdownHook] o.s.boot.tomcat.GracefulShutdown         : Commencing graceful shutdown. Waiting for active requests to complete
2026-06-01T09:10:48.034Z  INFO 71 --- [tomcat-shutdown] o.s.boot.tomcat.GracefulShutdown         : Graceful shutdown complete
2026-06-01T09:10:48.107Z  INFO 71 --- [SpringApplicationShutdownHook] j.LocalContainerEntityManagerFactoryBean : Closing JPA EntityManagerFactory for persistence unit 'default'
2026-06-01T09:10:48.162Z  INFO 71 --- [SpringApplicationShutdownHook] com.zaxxer.hikari.HikariDataSource       : HikariPool-1 - Shutdown initiated...
2026-06-01T09:10:48.269Z  INFO 71 --- [SpringApplicationShutdownHook] com.zaxxer.hikari.HikariDataSource       : HikariPool-1 - Shutdown completed.
erver          : Tomcat initialized with port 80 (http)
2026-06-01T09:09:18.032Z  INFO 69 --- [main] b.w.c.s.WebApplicationContextInitializer : Root WebApplicationContext: initialization completed in 21125 ms
2026-06-01T09:09:24.417Z  INFO 69 --- [main] org.hibernate.orm.jpa                    : HHH008540: Processing PersistenceUnitInfo [name: default]
2026-06-01T09:09:25.717Z  INFO 69 --- [main] org.hibernate.orm.core                   : HHH000001: Hibernate ORM core version 7.2.4.Final
2026-06-01T09:09:33.907Z  INFO 69 --- [main] o.s.o.j.p.SpringPersistenceUnitInfo      : No LoadTimeWeaver setup: ignoring JPA class transformer
2026-06-01T09:09:34.402Z  INFO 69 --- [main] com.zaxxer.hikari.HikariDataSource       : HikariPool-1 - Starting...
2026-06-01T09:09:39.071Z  INFO 69 --- [main] com.zaxxer.hikari.pool.HikariPool        : HikariPool-1 - Added connection com.mysql.cj.jdbc.ConnectionImpl@4f9213d2
2026-06-01T09:09:39.100Z  INFO 69 --- [main] com.zaxxer.hikari.HikariDataSource       : HikariPool-1 - Start completed.
2026-06-01T09:09:44.335Z  WARN 69 --- [main] org.hibernate.orm.deprecation            : HHH90000025: MySQLDialect does not need to be specified explicitly using 'hibernate.dialect' (remove the property setting and it will be selected by default)
2026-06-01T09:09:44.849Z  INFO 69 --- [main] org.hibernate.orm.connections.pooling    : HHH10001005: Database info:
	Database JDBC URL [jdbc:mysql://urlshortener-avnish-db.mysql.database.azure.com:3306/urlshortener?useSSL=true&requireSSL=true&serverTimezone=UTC]
	Database driver: MySQL Connector/J
	Database dialect: MySQLDialect
	Database version: 8.4.7
	Default catalog/schema: urlshortener/undefined
	Autocommit mode: undefined/unknown
	Isolation level: REPEATABLE_READ [default REPEATABLE_READ]
	JDBC fetch size: none
	Pool: DataSourceConnectionProvider
	Minimum pool size: undefined/unknown
	Maximum pool size: undefined/unknown
2026-06-01T09:09:56.292Z  INFO 69 --- [main] org.hibernate.orm.core                   : HHH000489: No JTA platform available (set 'hibernate.transaction.jta.platform' to enable JTA platform integration)
2026-06-01T09:09:56.751Z  INFO 69 --- [main] j.LocalContainerEntityManagerFactoryBean : Initialized JPA EntityManagerFactory for persistence unit 'default'
2026-06-01T09:09:58.530Z  INFO 69 --- [main] o.s.d.j.r.query.QueryEnhancerFactories   : Hibernate is in classpath; If applicable, HQL parser will be used.
2026-06-01T09:10:09.435Z  WARN 69 --- [main] JpaBaseConfiguration$JpaWebConfiguration : spring.jpa.open-in-view is enabled by default. Therefore, database queries may be performed during view rendering. Explicitly configure spring.jpa.open-in-view to disable this warning
2026-06-01T09:10:15.903Z  INFO 69 --- [main] o.s.boot.tomcat.TomcatWebServer          : Tomcat started on port 80 (http) with context path '/'
2026-06-01T09:10:16.263Z  INFO 69 --- [main] c.e.u.UrlshortenerApplication            : Started UrlshortenerApplication in 89.722 seconds (process running for 109.746)
2026-06-01T09:10:16.807Z  INFO 69 --- [http-nio-80-exec-1] o.s.web.servlet.DispatcherServlet        : Initializing Servlet 'dispatcherServlet'
2026-06-01T09:10:16.856Z  INFO 69 --- [http-nio-80-exec-1] o.s.web.servlet.DispatcherServlet        : Completed initialization in 38 ms
2026-06-01T09:13:32.374Z  INFO 70 --- [main] c.e.u.UrlshortenerApplication            : Starting UrlshortenerApplication v0.0.1-SNAPSHOT using Java 17.0.17 with PID 70 (/home/site/wwwroot/app.jar started by root in /home/site/wwwroot)
2026-06-01T09:13:32.421Z  INFO 70 --- [main] c.e.u.UrlshortenerApplication            : No active profile set, falling back to 1 default profile: "default"
2026-06-01T09:13:42.682Z  INFO 70 --- [main] .s.d.r.c.RepositoryConfigurationDelegate : Bootstrapping Spring Data JPA repositories in DEFAULT mode.
2026-06-01T09:13:43.473Z  INFO 70 --- [main] .s.d.r.c.RepositoryConfigurationDelegate : Finished Spring Data repository scanning in 622 ms. Found 1 JPA repository interface.
2026-06-01T09:13:52.458Z  INFO 70 --- [main] o.s.boot.tomcat.TomcatWebServer          : Tomcat initialized with port 80 (http)
2026-06-01T09:13:53.511Z  INFO 70 --- [main] b.w.c.s.WebApplicationContextInitializer : Root WebApplicationContext: initialization completed in 20346 ms
2026-06-01T09:14:01.481Z  INFO 70 --- [main] org.hibernate.orm.jpa                    : HHH008540: Processing PersistenceUnitInfo [name: default]
2026-06-01T09:14:03.326Z  INFO 70 --- [main] org.hibernate.orm.core                   : HHH000001: Hibernate ORM core version 7.2.4.Final
2026-06-01T09:14:14.067Z  INFO 70 --- [main] o.s.o.j.p.SpringPersistenceUnitInfo      : No LoadTimeWeaver setup: ignoring JPA class transformer
2026-06-01T09:14:14.885Z  INFO 70 --- [main] com.zaxxer.hikari.HikariDataSource       : HikariPool-1 - Starting...
2026-06-01T09:14:19.963Z  INFO 70 --- [main] com.zaxxer.hikari.pool.HikariPool        : HikariPool-1 - Added connection com.mysql.cj.jdbc.ConnectionImpl@679f59f1
2026-06-01T09:14:20.014Z  INFO 70 --- [main] com.zaxxer.hikari.HikariDataSource       : HikariPool-1 - Start completed.
2026-06-01T09:14:21.362Z  WARN 70 --- [main] org.hibernate.orm.deprecation            : HHH90000025: MySQLDialect does not need to be specified explicitly using 'hibernate.dialect' (remove the property setting and it will be selected by default)
2026-06-01T09:14:23.250Z  INFO 70 --- [main] org.hibernate.orm.connections.pooling    : HHH10001005: Database info:
	Database JDBC URL [jdbc:mysql://urlshortener-avnish-db.mysql.database.azure.com:3306/urlshortener?useSSL=true&requireSSL=true&serverTimezone=UTC]
	Database driver: MySQL Connector/J
	Database dialect: MySQLDialect
	Database version: 8.4.7
	Default catalog/schema: urlshortener/undefined
	Autocommit mode: undefined/unknown
	Isolation level: REPEATABLE_READ [default REPEATABLE_READ]
	JDBC fetch size: none
	Pool: DataSourceConnectionProvider
	Minimum pool size: undefined/unknown
	Maximum pool size: undefined/unknown
2026-06-01T09:14:39.157Z  INFO 70 --- [main] org.hibernate.orm.core                   : HHH000489: No JTA platform available (set 'hibernate.transaction.jta.platform' to enable JTA platform integration)
2026-06-01T09:14:39.921Z  INFO 70 --- [main] j.LocalContainerEntityManagerFactoryBean : Initialized JPA EntityManagerFactory for persistence unit 'default'
2026-06-01T09:14:41.711Z  INFO 70 --- [main] o.s.d.j.r.query.QueryEnhancerFactories   : Hibernate is in classpath; If applicable, HQL parser will be used.
2026-06-01T09:14:45.030Z  WARN 70 --- [main] JpaBaseConfiguration$JpaWebConfiguration : spring.jpa.open-in-view is enabled by default. Therefore, database queries may be performed during view rendering. Explicitly configure spring.jpa.open-in-view to disable this warning
