2026-06-01T09:12:49.2096856Z,Updating submodules.,d5f4a9da-15ad-42c6-bc60-278ab9303e10,0
2026-06-01T09:12:50.3451632Z,Preparing deployment for commit id '78db6af3-1'.,82b1f6fe-2f0a-40e0-a193-0f8c446b0214,0
2026-06-01T09:12:51.0438479Z,PreDeployment: context.CleanOutputPath False,1dcbc54b-30c6-4240-9b26-65e7bf7efcd2,0
2026-06-01T09:12:51.3786730Z,PreDeployment: context.OutputPath /home/site/wwwroot,e2ff9962-1368-4146-8d41-9e48b325485a,0
2026-06-01T09:12:51.7108078Z,Running build. Project type: OneDeploy,3eb4899f-df77-440c-a3c4-f96d34f8faa9,0
2026-06-01T09:12:51.9584541Z,Copying the manifest,35d782d6-fe26-45e8-a38c-76b2d2ff7ec2,0
2026-06-01T09:12:52.6719315Z,Running deployment command...,116083d4-26e2-4466-9f4e-afb2e576052f,0
	2026-06-01T09:12:52.7740024Z,Command: /opt/Kudu/Scripts/parallel_rsync.sh /tmp/zipdeploy/extracted /home/site/wwwroot 8 /tmp/ False False  ,,0
	2026-06-01T09:12:53.8661357Z,Run rsync from: /tmp/zipdeploy/extracted/ to: /home/site/wwwroot/ in 8 parallel threads,,0
	2026-06-01T09:12:53.9915489Z,Delete options: clean=False&comma; use manifest=False&comma; directory to ignore=,,0
	2026-06-01T09:12:54.1405603Z,Prev manifest = /home/site/deployments/1017da78-0aba-4986-8efc-c38d4d75e207/manifest and next /home/site/deployments/78db6af3-163d-4bad-92c5-16de04b69273/manifest,,0
	2026-06-01T09:12:54.2394989Z,Cleaning up /tmp//filelist.txt and /tmp//splits,,0
	2026-06-01T09:12:54.3659542Z,Creating a list of all files at /tmp//filelist.txt,,0
	2026-06-01T09:12:54.3985620Z,No directory to exclude.,,0
	2026-06-01T09:12:54.4465983Z,Created /tmp//filelist.txt. Total number of files to be synced = 1.,,0
	2026-06-01T09:12:54.6402013Z,Created batches from the list of files. Processing 1 files in each thread,,0
	2026-06-01T09:12:54.7181295Z,Running rsync for filelist /tmp//splits/split.aa from /tmp/zipdeploy/extracted/ to /home/site/wwwroot/,,0
	2026-06-01T09:12:58.0360003Z,,,0
	2026-06-01T09:12:58.0549252Z,Number of files: 1 (reg: 1),,0
	2026-06-01T09:12:58.0706411Z,Number of created files: 0,,0
	2026-06-01T09:12:58.0914819Z,Number of deleted files: 0,,0
	2026-06-01T09:12:58.1304929Z,Number of regular files transferred: 1,,0
	2026-06-01T09:12:58.1609414Z,Total file size: 57.03M bytes,,0
	2026-06-01T09:12:58.1807211Z,Total transferred file size: 57.03M bytes,,0
	2026-06-01T09:12:58.2309687Z,Literal data: 57.03M bytes,,0
	2026-06-01T09:12:58.2578421Z,Matched data: 0 bytes,,0
	2026-06-01T09:12:58.2802538Z,File list size: 0,,0
	2026-06-01T09:12:58.3090847Z,File list generation time: 0.010 seconds,,0
	2026-06-01T09:12:58.3288006Z,File list transfer time: 0.000 seconds,,0
	2026-06-01T09:12:58.3636759Z,Total bytes sent: 50.88M,,0
	2026-06-01T09:12:58.3861974Z,Total bytes received: 35,,0
	2026-06-01T09:12:58.4057798Z,,,0
	2026-06-01T09:12:58.4291861Z,sent 50.88M bytes  received 35 bytes  11.31M bytes/sec,,0
	2026-06-01T09:12:58.4459399Z,total size is 57.03M  speedup is 1.12,,0
	2026-06-01T09:12:58.4660846Z,Attempt 1: Rsync for filelist /tmp//splits/split.aa completed with exit code 0,,0
	2026-06-01T09:12:58.4939565Z,Completed successfully in 5 seconds,,0
2026-06-01T09:12:58.7194825Z,Build completed succesfully.,b7541035-45a9-4c2f-a61c-72e1d8cc5b29,0
2026-06-01T09:12:58.8577476Z,Running post deployment command(s)...,b8e9f98f-ec3b-41b5-8206-77642222460b,0
2026-06-01T09:12:58.9774190Z,Triggering container recycle for OneDeploy by adding/updating restartTrigger.txt to the site root path,d5ffdf73-289e-498b-91e6-36b5e43e2ea5,0
2026-06-01T09:12:59.1619642Z,Deployment successful. deployer = OneDeploy deploymentPath = OneDeploy,a64fe911-be94-4be5-b8bf-f0a5a9530247,0
